Rodando com 1 threads | BIND=false | PLACE=cores
/var/tmp/slurmd.spool/job1473044/slurm_script: line 35: bc: command not found
Rodando com 1 threads | BIND=false | PLACE=threads
/var/tmp/slurmd.spool/job1473044/slurm_script: line 35: bc: command not found
Rodando com 1 threads | BIND=false | PLACE=sockets
/var/tmp/slurmd.spool/job1473044/slurm_script: line 35: bc: command not found
Rodando com 1 threads | BIND=true | PLACE=cores
/var/tmp/slurmd.spool/job1473044/slurm_script: line 35: bc: command not found
Rodando com 1 threads | BIND=true | PLACE=threads
/var/tmp/slurmd.spool/job1473044/slurm_script: line 35: bc: command not found
Rodando com 1 threads | BIND=true | PLACE=sockets
/var/tmp/slurmd.spool/job1473044/slurm_script: line 35: bc: command not found
Rodando com 1 threads | BIND=spread | PLACE=cores
/var/tmp/slurmd.spool/job1473044/slurm_script: line 35: bc: command not found
Rodando com 1 threads | BIND=spread | PLACE=threads
/var/tmp/slurmd.spool/job1473044/slurm_script: line 35: bc: command not found
Rodando com 1 threads | BIND=spread | PLACE=sockets
/var/tmp/slurmd.spool/job1473044/slurm_script: line 35: bc: command not found
Rodando com 1 threads | BIND=close | PLACE=cores
/var/tmp/slurmd.spool/job1473044/slurm_script: line 35: bc: command not found
Rodando com 1 threads | BIND=close | PLACE=threads
/var/tmp/slurmd.spool/job1473044/slurm_script: line 35: bc: command not found
Rodando com 1 threads | BIND=close | PLACE=sockets
/var/tmp/slurmd.spool/job1473044/slurm_script: line 35: bc: command not found
Rodando com 1 threads | BIND=master | PLACE=cores
/var/tmp/slurmd.spool/job1473044/slurm_script: line 35: bc: command not found
Rodando com 1 threads | BIND=master | PLACE=threads
/var/tmp/slurmd.spool/job1473044/slurm_script: line 35: bc: command not found
Rodando com 1 threads | BIND=master | PLACE=sockets
/var/tmp/slurmd.spool/job1473044/slurm_script: line 35: bc: command not found
Rodando com 2 threads | BIND=false | PLACE=cores
/var/tmp/slurmd.spool/job1473044/slurm_script: line 35: bc: command not found
Rodando com 2 threads | BIND=false | PLACE=threads
/var/tmp/slurmd.spool/job1473044/slurm_script: line 35: bc: command not found
Rodando com 2 threads | BIND=false | PLACE=sockets
/var/tmp/slurmd.spool/job1473044/slurm_script: line 35: bc: command not found
Rodando com 2 threads | BIND=true | PLACE=cores
/var/tmp/slurmd.spool/job1473044/slurm_script: line 35: bc: command not found
Rodando com 2 threads | BIND=true | PLACE=threads
/var/tmp/slurmd.spool/job1473044/slurm_script: line 35: bc: command not found
Rodando com 2 threads | BIND=true | PLACE=sockets
/var/tmp/slurmd.spool/job1473044/slurm_script: line 35: bc: command not found
Rodando com 2 threads | BIND=spread | PLACE=cores
/var/tmp/slurmd.spool/job1473044/slurm_script: line 35: bc: command not found
Rodando com 2 threads | BIND=spread | PLACE=threads
/var/tmp/slurmd.spool/job1473044/slurm_script: line 35: bc: command not found
Rodando com 2 threads | BIND=spread | PLACE=sockets
/var/tmp/slurmd.spool/job1473044/slurm_script: line 35: bc: command not found
Rodando com 2 threads | BIND=close | PLACE=cores
/var/tmp/slurmd.spool/job1473044/slurm_script: line 35: bc: command not found
Rodando com 2 threads | BIND=close | PLACE=threads
/var/tmp/slurmd.spool/job1473044/slurm_script: line 35: bc: command not found
Rodando com 2 threads | BIND=close | PLACE=sockets
/var/tmp/slurmd.spool/job1473044/slurm_script: line 35: bc: command not found
Rodando com 2 threads | BIND=master | PLACE=cores
/var/tmp/slurmd.spool/job1473044/slurm_script: line 35: bc: command not found
Rodando com 2 threads | BIND=master | PLACE=threads
/var/tmp/slurmd.spool/job1473044/slurm_script: line 35: bc: command not found
Rodando com 2 threads | BIND=master | PLACE=sockets
/var/tmp/slurmd.spool/job1473044/slurm_script: line 35: bc: command not found
Rodando com 4 threads | BIND=false | PLACE=cores
/var/tmp/slurmd.spool/job1473044/slurm_script: line 35: bc: command not found
Rodando com 4 threads | BIND=false | PLACE=threads
/var/tmp/slurmd.spool/job1473044/slurm_script: line 35: bc: command not found
Rodando com 4 threads | BIND=false | PLACE=sockets
/var/tmp/slurmd.spool/job1473044/slurm_script: line 35: bc: command not found
Rodando com 4 threads | BIND=true | PLACE=cores
/var/tmp/slurmd.spool/job1473044/slurm_script: line 35: bc: command not found
Rodando com 4 threads | BIND=true | PLACE=threads
/var/tmp/slurmd.spool/job1473044/slurm_script: line 35: bc: command not found
Rodando com 4 threads | BIND=true | PLACE=sockets
/var/tmp/slurmd.spool/job1473044/slurm_script: line 35: bc: command not found
Rodando com 4 threads | BIND=spread | PLACE=cores
/var/tmp/slurmd.spool/job1473044/slurm_script: line 35: bc: command not found
Rodando com 4 threads | BIND=spread | PLACE=threads
/var/tmp/slurmd.spool/job1473044/slurm_script: line 35: bc: command not found
Rodando com 4 threads | BIND=spread | PLACE=sockets
/var/tmp/slurmd.spool/job1473044/slurm_script: line 35: bc: command not found
Rodando com 4 threads | BIND=close | PLACE=cores
/var/tmp/slurmd.spool/job1473044/slurm_script: line 35: bc: command not found
Rodando com 4 threads | BIND=close | PLACE=threads
/var/tmp/slurmd.spool/job1473044/slurm_script: line 35: bc: command not found
Rodando com 4 threads | BIND=close | PLACE=sockets
/var/tmp/slurmd.spool/job1473044/slurm_script: line 35: bc: command not found
Rodando com 4 threads | BIND=master | PLACE=cores
/var/tmp/slurmd.spool/job1473044/slurm_script: line 35: bc: command not found
Rodando com 4 threads | BIND=master | PLACE=threads
/var/tmp/slurmd.spool/job1473044/slurm_script: line 35: bc: command not found
Rodando com 4 threads | BIND=master | PLACE=sockets
/var/tmp/slurmd.spool/job1473044/slurm_script: line 35: bc: command not found
Rodando com 8 threads | BIND=false | PLACE=cores
/var/tmp/slurmd.spool/job1473044/slurm_script: line 35: bc: command not found
Rodando com 8 threads | BIND=false | PLACE=threads
/var/tmp/slurmd.spool/job1473044/slurm_script: line 35: bc: command not found
Rodando com 8 threads | BIND=false | PLACE=sockets
/var/tmp/slurmd.spool/job1473044/slurm_script: line 35: bc: command not found
Rodando com 8 threads | BIND=true | PLACE=cores
/var/tmp/slurmd.spool/job1473044/slurm_script: line 35: bc: command not found
Rodando com 8 threads | BIND=true | PLACE=threads
/var/tmp/slurmd.spool/job1473044/slurm_script: line 35: bc: command not found
Rodando com 8 threads | BIND=true | PLACE=sockets
/var/tmp/slurmd.spool/job1473044/slurm_script: line 35: bc: command not found
Rodando com 8 threads | BIND=spread | PLACE=cores
/var/tmp/slurmd.spool/job1473044/slurm_script: line 35: bc: command not found
Rodando com 8 threads | BIND=spread | PLACE=threads
/var/tmp/slurmd.spool/job1473044/slurm_script: line 35: bc: command not found
Rodando com 8 threads | BIND=spread | PLACE=sockets
/var/tmp/slurmd.spool/job1473044/slurm_script: line 35: bc: command not found
Rodando com 8 threads | BIND=close | PLACE=cores
/var/tmp/slurmd.spool/job1473044/slurm_script: line 35: bc: command not found
Rodando com 8 threads | BIND=close | PLACE=threads
/var/tmp/slurmd.spool/job1473044/slurm_script: line 35: bc: command not found
Rodando com 8 threads | BIND=close | PLACE=sockets
/var/tmp/slurmd.spool/job1473044/slurm_script: line 35: bc: command not found
Rodando com 8 threads | BIND=master | PLACE=cores
/var/tmp/slurmd.spool/job1473044/slurm_script: line 35: bc: command not found
Rodando com 8 threads | BIND=master | PLACE=threads
/var/tmp/slurmd.spool/job1473044/slurm_script: line 35: bc: command not found
Rodando com 8 threads | BIND=master | PLACE=sockets
/var/tmp/slurmd.spool/job1473044/slurm_script: line 35: bc: command not found
Rodando com 16 threads | BIND=false | PLACE=cores
/var/tmp/slurmd.spool/job1473044/slurm_script: line 35: bc: command not found
Rodando com 16 threads | BIND=false | PLACE=threads
/var/tmp/slurmd.spool/job1473044/slurm_script: line 35: bc: command not found
Rodando com 16 threads | BIND=false | PLACE=sockets
/var/tmp/slurmd.spool/job1473044/slurm_script: line 35: bc: command not found
Rodando com 16 threads | BIND=true | PLACE=cores
/var/tmp/slurmd.spool/job1473044/slurm_script: line 35: bc: command not found
Rodando com 16 threads | BIND=true | PLACE=threads
/var/tmp/slurmd.spool/job1473044/slurm_script: line 35: bc: command not found
Rodando com 16 threads | BIND=true | PLACE=sockets
/var/tmp/slurmd.spool/job1473044/slurm_script: line 35: bc: command not found
Rodando com 16 threads | BIND=spread | PLACE=cores
/var/tmp/slurmd.spool/job1473044/slurm_script: line 35: bc: command not found
Rodando com 16 threads | BIND=spread | PLACE=threads
/var/tmp/slurmd.spool/job1473044/slurm_script: line 35: bc: command not found
Rodando com 16 threads | BIND=spread | PLACE=sockets
/var/tmp/slurmd.spool/job1473044/slurm_script: line 35: bc: command not found
Rodando com 16 threads | BIND=close | PLACE=cores
/var/tmp/slurmd.spool/job1473044/slurm_script: line 35: bc: command not found
Rodando com 16 threads | BIND=close | PLACE=threads
/var/tmp/slurmd.spool/job1473044/slurm_script: line 35: bc: command not found
Rodando com 16 threads | BIND=close | PLACE=sockets
/var/tmp/slurmd.spool/job1473044/slurm_script: line 35: bc: command not found
Rodando com 16 threads | BIND=master | PLACE=cores
/var/tmp/slurmd.spool/job1473044/slurm_script: line 35: bc: command not found
Rodando com 16 threads | BIND=master | PLACE=threads
/var/tmp/slurmd.spool/job1473044/slurm_script: line 35: bc: command not found
Rodando com 16 threads | BIND=master | PLACE=sockets
/var/tmp/slurmd.spool/job1473044/slurm_script: line 35: bc: command not found
Rodando com 32 threads | BIND=false | PLACE=cores
/var/tmp/slurmd.spool/job1473044/slurm_script: line 35: bc: command not found
Rodando com 32 threads | BIND=false | PLACE=threads
/var/tmp/slurmd.spool/job1473044/slurm_script: line 35: bc: command not found
Rodando com 32 threads | BIND=false | PLACE=sockets
/var/tmp/slurmd.spool/job1473044/slurm_script: line 35: bc: command not found
Rodando com 32 threads | BIND=true | PLACE=cores
/var/tmp/slurmd.spool/job1473044/slurm_script: line 35: bc: command not found
Rodando com 32 threads | BIND=true | PLACE=threads
/var/tmp/slurmd.spool/job1473044/slurm_script: line 35: bc: command not found
Rodando com 32 threads | BIND=true | PLACE=sockets
/var/tmp/slurmd.spool/job1473044/slurm_script: line 35: bc: command not found
Rodando com 32 threads | BIND=spread | PLACE=cores
/var/tmp/slurmd.spool/job1473044/slurm_script: line 35: bc: command not found
Rodando com 32 threads | BIND=spread | PLACE=threads
/var/tmp/slurmd.spool/job1473044/slurm_script: line 35: bc: command not found
Rodando com 32 threads | BIND=spread | PLACE=sockets
/var/tmp/slurmd.spool/job1473044/slurm_script: line 35: bc: command not found
Rodando com 32 threads | BIND=close | PLACE=cores
/var/tmp/slurmd.spool/job1473044/slurm_script: line 35: bc: command not found
Rodando com 32 threads | BIND=close | PLACE=threads
/var/tmp/slurmd.spool/job1473044/slurm_script: line 35: bc: command not found
Rodando com 32 threads | BIND=close | PLACE=sockets
/var/tmp/slurmd.spool/job1473044/slurm_script: line 35: bc: command not found
Rodando com 32 threads | BIND=master | PLACE=cores
/var/tmp/slurmd.spool/job1473044/slurm_script: line 35: bc: command not found
Rodando com 32 threads | BIND=master | PLACE=threads
/var/tmp/slurmd.spool/job1473044/slurm_script: line 35: bc: command not found
Rodando com 32 threads | BIND=master | PLACE=sockets
/var/tmp/slurmd.spool/job1473044/slurm_script: line 35: bc: command not found
Testes concluídos! Resultados em resultados_afinidade.csv
