gcc: error: matvec_mpi.c: No such file or directory
Executando: mpirun -np 2 ./matvec_mpi 512 512
--------------------------------------------------------------------------
mpirun was unable to launch the specified application as it could not access
or execute an executable:

Executable: ./matvec_mpi
Node: r1i3n11

while attempting to start process rank 0.
--------------------------------------------------------------------------
Executando: mpirun -np 2 ./matvec_mpi 1024 1024
--------------------------------------------------------------------------
mpirun was unable to launch the specified application as it could not access
or execute an executable:

Executable: ./matvec_mpi
Node: r1i3n11

while attempting to start process rank 0.
--------------------------------------------------------------------------
Executando: mpirun -np 2 ./matvec_mpi 2048 2048
--------------------------------------------------------------------------
mpirun was unable to launch the specified application as it could not access
or execute an executable:

Executable: ./matvec_mpi
Node: r1i3n11

while attempting to start process rank 0.
--------------------------------------------------------------------------
Executando: mpirun -np 2 ./matvec_mpi 4096 4096
--------------------------------------------------------------------------
mpirun was unable to launch the specified application as it could not access
or execute an executable:

Executable: ./matvec_mpi
Node: r1i3n11

while attempting to start process rank 0.
--------------------------------------------------------------------------
Executando: mpirun -np 4 ./matvec_mpi 512 512
--------------------------------------------------------------------------
mpirun was unable to launch the specified application as it could not access
or execute an executable:

Executable: ./matvec_mpi
Node: r1i3n11

while attempting to start process rank 0.
--------------------------------------------------------------------------
Executando: mpirun -np 4 ./matvec_mpi 1024 1024
--------------------------------------------------------------------------
mpirun was unable to launch the specified application as it could not access
or execute an executable:

Executable: ./matvec_mpi
Node: r1i3n11

while attempting to start process rank 0.
--------------------------------------------------------------------------
Executando: mpirun -np 4 ./matvec_mpi 2048 2048
--------------------------------------------------------------------------
mpirun was unable to launch the specified application as it could not access
or execute an executable:

Executable: ./matvec_mpi
Node: r1i3n11

while attempting to start process rank 0.
--------------------------------------------------------------------------
Executando: mpirun -np 4 ./matvec_mpi 4096 4096
--------------------------------------------------------------------------
mpirun was unable to launch the specified application as it could not access
or execute an executable:

Executable: ./matvec_mpi
Node: r1i3n11

while attempting to start process rank 0.
--------------------------------------------------------------------------
Executando: mpirun -np 8 ./matvec_mpi 512 512
--------------------------------------------------------------------------
mpirun was unable to launch the specified application as it could not access
or execute an executable:

Executable: ./matvec_mpi
Node: r1i3n11

while attempting to start process rank 0.
--------------------------------------------------------------------------
Executando: mpirun -np 8 ./matvec_mpi 1024 1024
--------------------------------------------------------------------------
mpirun was unable to launch the specified application as it could not access
or execute an executable:

Executable: ./matvec_mpi
Node: r1i3n11

while attempting to start process rank 0.
--------------------------------------------------------------------------
Executando: mpirun -np 8 ./matvec_mpi 2048 2048
--------------------------------------------------------------------------
mpirun was unable to launch the specified application as it could not access
or execute an executable:

Executable: ./matvec_mpi
Node: r1i3n11

while attempting to start process rank 0.
--------------------------------------------------------------------------
Executando: mpirun -np 8 ./matvec_mpi 4096 4096
--------------------------------------------------------------------------
mpirun was unable to launch the specified application as it could not access
or execute an executable:

Executable: ./matvec_mpi
Node: r1i3n11

while attempting to start process rank 0.
--------------------------------------------------------------------------
Executando: mpirun -np 16 ./matvec_mpi 512 512
--------------------------------------------------------------------------
mpirun was unable to launch the specified application as it could not access
or execute an executable:

Executable: ./matvec_mpi
Node: r1i3n11

while attempting to start process rank 0.
--------------------------------------------------------------------------
Executando: mpirun -np 16 ./matvec_mpi 1024 1024
--------------------------------------------------------------------------
mpirun was unable to launch the specified application as it could not access
or execute an executable:

Executable: ./matvec_mpi
Node: r1i3n11

while attempting to start process rank 0.
--------------------------------------------------------------------------
Executando: mpirun -np 16 ./matvec_mpi 2048 2048
--------------------------------------------------------------------------
mpirun was unable to launch the specified application as it could not access
or execute an executable:

Executable: ./matvec_mpi
Node: r1i3n11

while attempting to start process rank 0.
--------------------------------------------------------------------------
Executando: mpirun -np 16 ./matvec_mpi 4096 4096
--------------------------------------------------------------------------
mpirun was unable to launch the specified application as it could not access
or execute an executable:

Executable: ./matvec_mpi
Node: r1i3n11

while attempting to start process rank 0.
--------------------------------------------------------------------------
Todos os testes concluídos. Resultados salvos em resultados.csv.
