gcc: error: matvec_mpi.c: No such file or directory
--------------------------------------------------------------------------
mpirun was unable to launch the specified application as it could not access
or execute an executable:

Executable: ./matvec_mpi
Node: r1i3n11

while attempting to start process rank 0.
--------------------------------------------------------------------------
2          512                  
--------------------------------------------------------------------------
mpirun was unable to launch the specified application as it could not access
or execute an executable:

Executable: ./matvec_mpi
Node: r1i3n11

while attempting to start process rank 0.
--------------------------------------------------------------------------
2          1024                 
--------------------------------------------------------------------------
mpirun was unable to launch the specified application as it could not access
or execute an executable:

Executable: ./matvec_mpi
Node: r1i3n11

while attempting to start process rank 0.
--------------------------------------------------------------------------
2          2048                 
--------------------------------------------------------------------------
mpirun was unable to launch the specified application as it could not access
or execute an executable:

Executable: ./matvec_mpi
Node: r1i3n11

while attempting to start process rank 0.
--------------------------------------------------------------------------
2          4096                 
--------------------------------------------------------------------------
mpirun was unable to launch the specified application as it could not access
or execute an executable:

Executable: ./matvec_mpi
Node: r1i3n11

while attempting to start process rank 0.
--------------------------------------------------------------------------
2          8192                 
--------------------------------------------------------------------------
mpirun was unable to launch the specified application as it could not access
or execute an executable:

Executable: ./matvec_mpi
Node: r1i3n11

while attempting to start process rank 0.
--------------------------------------------------------------------------
4          512                  
--------------------------------------------------------------------------
mpirun was unable to launch the specified application as it could not access
or execute an executable:

Executable: ./matvec_mpi
Node: r1i3n11

while attempting to start process rank 0.
--------------------------------------------------------------------------
4          1024                 
--------------------------------------------------------------------------
mpirun was unable to launch the specified application as it could not access
or execute an executable:

Executable: ./matvec_mpi
Node: r1i3n11

while attempting to start process rank 0.
--------------------------------------------------------------------------
4          2048                 
--------------------------------------------------------------------------
mpirun was unable to launch the specified application as it could not access
or execute an executable:

Executable: ./matvec_mpi
Node: r1i3n11

while attempting to start process rank 0.
--------------------------------------------------------------------------
4          4096                 
--------------------------------------------------------------------------
mpirun was unable to launch the specified application as it could not access
or execute an executable:

Executable: ./matvec_mpi
Node: r1i3n11

while attempting to start process rank 0.
--------------------------------------------------------------------------
4          8192                 
--------------------------------------------------------------------------
mpirun was unable to launch the specified application as it could not access
or execute an executable:

Executable: ./matvec_mpi
Node: r1i3n11

while attempting to start process rank 0.
--------------------------------------------------------------------------
8          512                  
--------------------------------------------------------------------------
mpirun was unable to launch the specified application as it could not access
or execute an executable:

Executable: ./matvec_mpi
Node: r1i3n11

while attempting to start process rank 0.
--------------------------------------------------------------------------
8          1024                 
--------------------------------------------------------------------------
mpirun was unable to launch the specified application as it could not access
or execute an executable:

Executable: ./matvec_mpi
Node: r1i3n11

while attempting to start process rank 0.
--------------------------------------------------------------------------
8          2048                 
--------------------------------------------------------------------------
mpirun was unable to launch the specified application as it could not access
or execute an executable:

Executable: ./matvec_mpi
Node: r1i3n11

while attempting to start process rank 0.
--------------------------------------------------------------------------
8          4096                 
--------------------------------------------------------------------------
mpirun was unable to launch the specified application as it could not access
or execute an executable:

Executable: ./matvec_mpi
Node: r1i3n11

while attempting to start process rank 0.
--------------------------------------------------------------------------
8          8192                 
--------------------------------------------------------------------------
mpirun was unable to launch the specified application as it could not access
or execute an executable:

Executable: ./matvec_mpi
Node: r1i3n11

while attempting to start process rank 0.
--------------------------------------------------------------------------
16         512                  
--------------------------------------------------------------------------
mpirun was unable to launch the specified application as it could not access
or execute an executable:

Executable: ./matvec_mpi
Node: r1i3n11

while attempting to start process rank 0.
--------------------------------------------------------------------------
16         1024                 
--------------------------------------------------------------------------
mpirun was unable to launch the specified application as it could not access
or execute an executable:

Executable: ./matvec_mpi
Node: r1i3n11

while attempting to start process rank 0.
--------------------------------------------------------------------------
16         2048                 
--------------------------------------------------------------------------
mpirun was unable to launch the specified application as it could not access
or execute an executable:

Executable: ./matvec_mpi
Node: r1i3n11

while attempting to start process rank 0.
--------------------------------------------------------------------------
16         4096                 
--------------------------------------------------------------------------
mpirun was unable to launch the specified application as it could not access
or execute an executable:

Executable: ./matvec_mpi
Node: r1i3n11

while attempting to start process rank 0.
--------------------------------------------------------------------------
16         8192                 
