Iniciando...
--------------------------------------------------------------------------
WARNING: There is at least one non-excluded one OpenFabrics device found,
but there are no active ports detected (or Open MPI was unable to use
them).  This is most certainly not what you wanted.  Check your
cables, subnet manager configuration, etc.  The openib BTL will be
ignored for this job.

  Local host: r1i3n13
--------------------------------------------------------------------------
Versão 1 (bloqueante): 0.000983 s
Versão 2 (não bloqueante + wait): 0.001004 s
Versão 3 (não bloqueante + test): 0.000999 s
[r1i3n13.npad.internal:1952642] 1 more process has sent help message help-mpi-btl-openib.txt / no active ports found
[r1i3n13.npad.internal:1952642] Set MCA parameter "orte_base_help_aggregate" to 0 to see all help / error messages
--------------------------------------------------------------------------
WARNING: There is at least one non-excluded one OpenFabrics device found,
but there are no active ports detected (or Open MPI was unable to use
them).  This is most certainly not what you wanted.  Check your
cables, subnet manager configuration, etc.  The openib BTL will be
ignored for this job.

  Local host: r1i3n13
--------------------------------------------------------------------------
Versão 1 (bloqueante): 0.001133 s
Versão 2 (não bloqueante + wait): 0.001021 s
Versão 3 (não bloqueante + test): 0.001045 s
[r1i3n13.npad.internal:1952656] 3 more processes have sent help message help-mpi-btl-openib.txt / no active ports found
[r1i3n13.npad.internal:1952656] Set MCA parameter "orte_base_help_aggregate" to 0 to see all help / error messages
--------------------------------------------------------------------------
WARNING: There is at least one non-excluded one OpenFabrics device found,
but there are no active ports detected (or Open MPI was unable to use
them).  This is most certainly not what you wanted.  Check your
cables, subnet manager configuration, etc.  The openib BTL will be
ignored for this job.

  Local host: r1i3n13
--------------------------------------------------------------------------
Versão 1 (bloqueante): 0.001110 s
Versão 2 (não bloqueante + wait): 0.000954 s
Versão 3 (não bloqueante + test): 0.001035 s
[r1i3n13.npad.internal:1952680] 7 more processes have sent help message help-mpi-btl-openib.txt / no active ports found
[r1i3n13.npad.internal:1952680] Set MCA parameter "orte_base_help_aggregate" to 0 to see all help / error messages
--------------------------------------------------------------------------
WARNING: There is at least one non-excluded one OpenFabrics device found,
but there are no active ports detected (or Open MPI was unable to use
them).  This is most certainly not what you wanted.  Check your
cables, subnet manager configuration, etc.  The openib BTL will be
ignored for this job.

  Local host: r1i3n13
--------------------------------------------------------------------------
Erro: o tamanho da barra (1000) deve ser divisível pelo número de processos (16).
--------------------------------------------------------------------------
Primary job  terminated normally, but 1 process returned
a non-zero exit code. Per user-direction, the job has been aborted.
--------------------------------------------------------------------------
--------------------------------------------------------------------------
mpirun detected that one or more processes exited with non-zero status, thus causing
the job to be terminated. The first process to do so was:

  Process name: [[25499,1],3]
  Exit code:    1
--------------------------------------------------------------------------
[r1i3n13.npad.internal:1952724] 15 more processes have sent help message help-mpi-btl-openib.txt / no active ports found
[r1i3n13.npad.internal:1952724] Set MCA parameter "orte_base_help_aggregate" to 0 to see all help / error messages
--------------------------------------------------------------------------
WARNING: There was an error initializing an OpenFabrics device.

  Local host:   r1i3n13
  Local device: mlx4_0
--------------------------------------------------------------------------
Erro: o tamanho da barra (1000) deve ser divisível pelo número de processos (32).
--------------------------------------------------------------------------
Primary job  terminated normally, but 1 process returned
a non-zero exit code. Per user-direction, the job has been aborted.
--------------------------------------------------------------------------
--------------------------------------------------------------------------
mpirun detected that one or more processes exited with non-zero status, thus causing
the job to be terminated. The first process to do so was:

  Process name: [[25703,1],19]
  Exit code:    1
--------------------------------------------------------------------------
[r1i3n13.npad.internal:1952808] 31 more processes have sent help message help-mpi-btl-openib.txt / error in device init
[r1i3n13.npad.internal:1952808] Set MCA parameter "orte_base_help_aggregate" to 0 to see all help / error messages
Finalizado!
