Iniciando...
--------------------------------------------------------------------------
WARNING: There is at least one non-excluded one OpenFabrics device found,
but there are no active ports detected (or Open MPI was unable to use
them).  This is most certainly not what you wanted.  Check your
cables, subnet manager configuration, etc.  The openib BTL will be
ignored for this job.

  Local host: r1i3n13
--------------------------------------------------------------------------

| Nº de Processos | Send/Recv (s) | Isend/Irecv+Wait (s) | Isend/Irecv+Test (s) |
|-----------------|---------------|----------------------|-----------------------|
|               2 |      0.000946 |             0.000907 |             0.000904 |
[r1i3n13.npad.internal:1953609] 1 more process has sent help message help-mpi-btl-openib.txt / no active ports found
[r1i3n13.npad.internal:1953609] Set MCA parameter "orte_base_help_aggregate" to 0 to see all help / error messages
--------------------------------------------------------------------------
WARNING: There is at least one non-excluded one OpenFabrics device found,
but there are no active ports detected (or Open MPI was unable to use
them).  This is most certainly not what you wanted.  Check your
cables, subnet manager configuration, etc.  The openib BTL will be
ignored for this job.

  Local host: r1i3n13
--------------------------------------------------------------------------

| Nº de Processos | Send/Recv (s) | Isend/Irecv+Wait (s) | Isend/Irecv+Test (s) |
|-----------------|---------------|----------------------|-----------------------|
|               4 |      0.001183 |             0.001010 |             0.001002 |
[r1i3n13.npad.internal:1953623] 3 more processes have sent help message help-mpi-btl-openib.txt / no active ports found
[r1i3n13.npad.internal:1953623] Set MCA parameter "orte_base_help_aggregate" to 0 to see all help / error messages
--------------------------------------------------------------------------
WARNING: There is at least one non-excluded one OpenFabrics device found,
but there are no active ports detected (or Open MPI was unable to use
them).  This is most certainly not what you wanted.  Check your
cables, subnet manager configuration, etc.  The openib BTL will be
ignored for this job.

  Local host: r1i3n13
--------------------------------------------------------------------------

| Nº de Processos | Send/Recv (s) | Isend/Irecv+Wait (s) | Isend/Irecv+Test (s) |
|-----------------|---------------|----------------------|-----------------------|
|               8 |      0.001137 |             0.000975 |             0.000958 |
[r1i3n13.npad.internal:1953647] 7 more processes have sent help message help-mpi-btl-openib.txt / no active ports found
[r1i3n13.npad.internal:1953647] Set MCA parameter "orte_base_help_aggregate" to 0 to see all help / error messages
--------------------------------------------------------------------------
WARNING: There is at least one non-excluded one OpenFabrics device found,
but there are no active ports detected (or Open MPI was unable to use
them).  This is most certainly not what you wanted.  Check your
cables, subnet manager configuration, etc.  The openib BTL will be
ignored for this job.

  Local host: r1i3n13
--------------------------------------------------------------------------

| Nº de Processos | Send/Recv (s) | Isend/Irecv+Wait (s) | Isend/Irecv+Test (s) |
|-----------------|---------------|----------------------|-----------------------|
|              16 |      0.002430 |             0.002184 |             0.002126 |
[r1i3n13.npad.internal:1953691] 15 more processes have sent help message help-mpi-btl-openib.txt / no active ports found
[r1i3n13.npad.internal:1953691] Set MCA parameter "orte_base_help_aggregate" to 0 to see all help / error messages
--------------------------------------------------------------------------
WARNING: There was an error initializing an OpenFabrics device.

  Local host:   r1i3n13
  Local device: mlx4_0
--------------------------------------------------------------------------

| Nº de Processos | Send/Recv (s) | Isend/Irecv+Wait (s) | Isend/Irecv+Test (s) |
|-----------------|---------------|----------------------|-----------------------|
|              32 |      0.015316 |             0.001869 |             0.001899 |
[r1i3n13.npad.internal:1953775] 31 more processes have sent help message help-mpi-btl-openib.txt / error in device init
[r1i3n13.npad.internal:1953775] Set MCA parameter "orte_base_help_aggregate" to 0 to see all help / error messages
Finalizado!
