gcc: error: ernane.c: No such file or directory
Iniciando...
--------------------------------------------------------------------------
mpirun was unable to launch the specified application as it could not access
or execute an executable:

Executable: ./ernane
Node: r1i3n13

while attempting to start process rank 0.
--------------------------------------------------------------------------
2 total processes failed to start
--------------------------------------------------------------------------
mpirun was unable to launch the specified application as it could not access
or execute an executable:

Executable: ./ernane
Node: r1i3n13

while attempting to start process rank 0.
--------------------------------------------------------------------------
4 total processes failed to start
--------------------------------------------------------------------------
mpirun was unable to launch the specified application as it could not access
or execute an executable:

Executable: ./ernane
Node: r1i3n13

while attempting to start process rank 0.
--------------------------------------------------------------------------
8 total processes failed to start
--------------------------------------------------------------------------
mpirun was unable to launch the specified application as it could not access
or execute an executable:

Executable: ./ernane
Node: r1i3n13

while attempting to start process rank 0.
--------------------------------------------------------------------------
16 total processes failed to start
--------------------------------------------------------------------------
mpirun was unable to launch the specified application as it could not access
or execute an executable:

Executable: ./ernane
Node: r1i3n13

while attempting to start process rank 0.
--------------------------------------------------------------------------
32 total processes failed to start
Finalizado!
