Produto matriz-vetor (colunas)...
---------------------------------------------
Executando: M=N=512, P=2 ... --------------------------------------------------------------------------
WARNING: There is at least one non-excluded one OpenFabrics device found,
but there are no active ports detected (or Open MPI was unable to use
them).  This is most certainly not what you wanted.  Check your
cables, subnet manager configuration, etc.  The openib BTL will be
ignored for this job.

  Local host: r1i3n14
--------------------------------------------------------------------------
[r1i3n14.npad.internal:2691068] 1 more process has sent help message help-mpi-btl-openib.txt / no active ports found
[r1i3n14.npad.internal:2691068] Set MCA parameter "orte_base_help_aggregate" to 0 to see all help / error messages
Tempo de execução: 0.001415 segundos (M=512, N=512, P=2)
Executando: M=N=512, P=4 ... --------------------------------------------------------------------------
WARNING: There is at least one non-excluded one OpenFabrics device found,
but there are no active ports detected (or Open MPI was unable to use
them).  This is most certainly not what you wanted.  Check your
cables, subnet manager configuration, etc.  The openib BTL will be
ignored for this job.

  Local host: r1i3n14
--------------------------------------------------------------------------
[r1i3n14.npad.internal:2691088] 3 more processes have sent help message help-mpi-btl-openib.txt / no active ports found
[r1i3n14.npad.internal:2691088] Set MCA parameter "orte_base_help_aggregate" to 0 to see all help / error messages
Tempo de execução: 0.001195 segundos (M=512, N=512, P=4)
Executando: M=N=512, P=8 ... --------------------------------------------------------------------------
WARNING: There is at least one non-excluded one OpenFabrics device found,
but there are no active ports detected (or Open MPI was unable to use
them).  This is most certainly not what you wanted.  Check your
cables, subnet manager configuration, etc.  The openib BTL will be
ignored for this job.

  Local host: r1i3n14
--------------------------------------------------------------------------
[r1i3n14.npad.internal:2691117] 7 more processes have sent help message help-mpi-btl-openib.txt / no active ports found
[r1i3n14.npad.internal:2691117] Set MCA parameter "orte_base_help_aggregate" to 0 to see all help / error messages
Tempo de execução: 0.001212 segundos (M=512, N=512, P=8)
Executando: M=N=512, P=16 ... --------------------------------------------------------------------------
WARNING: There is at least one non-excluded one OpenFabrics device found,
but there are no active ports detected (or Open MPI was unable to use
them).  This is most certainly not what you wanted.  Check your
cables, subnet manager configuration, etc.  The openib BTL will be
ignored for this job.

  Local host: r1i3n14
--------------------------------------------------------------------------
[r1i3n14.npad.internal:2691166] 15 more processes have sent help message help-mpi-btl-openib.txt / no active ports found
[r1i3n14.npad.internal:2691166] Set MCA parameter "orte_base_help_aggregate" to 0 to see all help / error messages
Tempo de execução: 0.001784 segundos (M=512, N=512, P=16)
Executando: M=N=512, P=32 ... --------------------------------------------------------------------------
WARNING: There was an error initializing an OpenFabrics device.

  Local host:   r1i3n14
  Local device: mlx4_0
--------------------------------------------------------------------------
[r1i3n14.npad.internal:2691255] 31 more processes have sent help message help-mpi-btl-openib.txt / error in device init
[r1i3n14.npad.internal:2691255] Set MCA parameter "orte_base_help_aggregate" to 0 to see all help / error messages
Tempo de execução: 0.003050 segundos (M=512, N=512, P=32)
Executando: M=N=1024, P=2 ... --------------------------------------------------------------------------
WARNING: There is at least one non-excluded one OpenFabrics device found,
but there are no active ports detected (or Open MPI was unable to use
them).  This is most certainly not what you wanted.  Check your
cables, subnet manager configuration, etc.  The openib BTL will be
ignored for this job.

  Local host: r1i3n14
--------------------------------------------------------------------------
[r1i3n14.npad.internal:2691428] 1 more process has sent help message help-mpi-btl-openib.txt / no active ports found
[r1i3n14.npad.internal:2691428] Set MCA parameter "orte_base_help_aggregate" to 0 to see all help / error messages
Tempo de execução: 0.004526 segundos (M=1024, N=1024, P=2)
Executando: M=N=1024, P=4 ... --------------------------------------------------------------------------
WARNING: There is at least one non-excluded one OpenFabrics device found,
but there are no active ports detected (or Open MPI was unable to use
them).  This is most certainly not what you wanted.  Check your
cables, subnet manager configuration, etc.  The openib BTL will be
ignored for this job.

  Local host: r1i3n14
--------------------------------------------------------------------------
[r1i3n14.npad.internal:2691447] 3 more processes have sent help message help-mpi-btl-openib.txt / no active ports found
[r1i3n14.npad.internal:2691447] Set MCA parameter "orte_base_help_aggregate" to 0 to see all help / error messages
Tempo de execução: 0.005462 segundos (M=1024, N=1024, P=4)
Executando: M=N=1024, P=8 ... --------------------------------------------------------------------------
WARNING: There is at least one non-excluded one OpenFabrics device found,
but there are no active ports detected (or Open MPI was unable to use
them).  This is most certainly not what you wanted.  Check your
cables, subnet manager configuration, etc.  The openib BTL will be
ignored for this job.

  Local host: r1i3n14
--------------------------------------------------------------------------
[r1i3n14.npad.internal:2691476] 7 more processes have sent help message help-mpi-btl-openib.txt / no active ports found
[r1i3n14.npad.internal:2691476] Set MCA parameter "orte_base_help_aggregate" to 0 to see all help / error messages
Tempo de execução: 0.006038 segundos (M=1024, N=1024, P=8)
Executando: M=N=1024, P=16 ... --------------------------------------------------------------------------
WARNING: There is at least one non-excluded one OpenFabrics device found,
but there are no active ports detected (or Open MPI was unable to use
them).  This is most certainly not what you wanted.  Check your
cables, subnet manager configuration, etc.  The openib BTL will be
ignored for this job.

  Local host: r1i3n14
--------------------------------------------------------------------------
[r1i3n14.npad.internal:2691525] 15 more processes have sent help message help-mpi-btl-openib.txt / no active ports found
[r1i3n14.npad.internal:2691525] Set MCA parameter "orte_base_help_aggregate" to 0 to see all help / error messages
Tempo de execução: 0.003980 segundos (M=1024, N=1024, P=16)
Executando: M=N=1024, P=32 ... --------------------------------------------------------------------------
WARNING: There was an error initializing an OpenFabrics device.

  Local host:   r1i3n14
  Local device: mlx4_0
--------------------------------------------------------------------------
[r1i3n14.npad.internal:2691614] 31 more processes have sent help message help-mpi-btl-openib.txt / error in device init
[r1i3n14.npad.internal:2691614] Set MCA parameter "orte_base_help_aggregate" to 0 to see all help / error messages
Tempo de execução: 0.006743 segundos (M=1024, N=1024, P=32)
Executando: M=N=2048, P=2 ... --------------------------------------------------------------------------
WARNING: There is at least one non-excluded one OpenFabrics device found,
but there are no active ports detected (or Open MPI was unable to use
them).  This is most certainly not what you wanted.  Check your
cables, subnet manager configuration, etc.  The openib BTL will be
ignored for this job.

  Local host: r1i3n14
--------------------------------------------------------------------------
[r1i3n14.npad.internal:2691787] 1 more process has sent help message help-mpi-btl-openib.txt / no active ports found
[r1i3n14.npad.internal:2691787] Set MCA parameter "orte_base_help_aggregate" to 0 to see all help / error messages
Tempo de execução: 0.016705 segundos (M=2048, N=2048, P=2)
Executando: M=N=2048, P=4 ... --------------------------------------------------------------------------
WARNING: There is at least one non-excluded one OpenFabrics device found,
but there are no active ports detected (or Open MPI was unable to use
them).  This is most certainly not what you wanted.  Check your
cables, subnet manager configuration, etc.  The openib BTL will be
ignored for this job.

  Local host: r1i3n14
--------------------------------------------------------------------------
[r1i3n14.npad.internal:2691806] 3 more processes have sent help message help-mpi-btl-openib.txt / no active ports found
[r1i3n14.npad.internal:2691806] Set MCA parameter "orte_base_help_aggregate" to 0 to see all help / error messages
Tempo de execução: 0.016789 segundos (M=2048, N=2048, P=4)
Executando: M=N=2048, P=8 ... --------------------------------------------------------------------------
WARNING: There is at least one non-excluded one OpenFabrics device found,
but there are no active ports detected (or Open MPI was unable to use
them).  This is most certainly not what you wanted.  Check your
cables, subnet manager configuration, etc.  The openib BTL will be
ignored for this job.

  Local host: r1i3n14
--------------------------------------------------------------------------
[r1i3n14.npad.internal:2691835] 7 more processes have sent help message help-mpi-btl-openib.txt / no active ports found
[r1i3n14.npad.internal:2691835] Set MCA parameter "orte_base_help_aggregate" to 0 to see all help / error messages
Tempo de execução: 0.018831 segundos (M=2048, N=2048, P=8)
Executando: M=N=2048, P=16 ... --------------------------------------------------------------------------
WARNING: There is at least one non-excluded one OpenFabrics device found,
but there are no active ports detected (or Open MPI was unable to use
them).  This is most certainly not what you wanted.  Check your
cables, subnet manager configuration, etc.  The openib BTL will be
ignored for this job.

  Local host: r1i3n14
--------------------------------------------------------------------------
[r1i3n14.npad.internal:2691884] 15 more processes have sent help message help-mpi-btl-openib.txt / no active ports found
[r1i3n14.npad.internal:2691884] Set MCA parameter "orte_base_help_aggregate" to 0 to see all help / error messages
Tempo de execução: 0.012790 segundos (M=2048, N=2048, P=16)
Executando: M=N=2048, P=32 ... --------------------------------------------------------------------------
WARNING: There was an error initializing an OpenFabrics device.

  Local host:   r1i3n14
  Local device: mlx4_0
--------------------------------------------------------------------------
[r1i3n14.npad.internal:2691973] 31 more processes have sent help message help-mpi-btl-openib.txt / error in device init
[r1i3n14.npad.internal:2691973] Set MCA parameter "orte_base_help_aggregate" to 0 to see all help / error messages
Tempo de execução: 0.014734 segundos (M=2048, N=2048, P=32)
Executando: M=N=4096, P=2 ... --------------------------------------------------------------------------
WARNING: There is at least one non-excluded one OpenFabrics device found,
but there are no active ports detected (or Open MPI was unable to use
them).  This is most certainly not what you wanted.  Check your
cables, subnet manager configuration, etc.  The openib BTL will be
ignored for this job.

  Local host: r1i3n14
--------------------------------------------------------------------------
[r1i3n14.npad.internal:2692146] 1 more process has sent help message help-mpi-btl-openib.txt / no active ports found
[r1i3n14.npad.internal:2692146] Set MCA parameter "orte_base_help_aggregate" to 0 to see all help / error messages
Tempo de execução: 0.062720 segundos (M=4096, N=4096, P=2)
Executando: M=N=4096, P=4 ... --------------------------------------------------------------------------
WARNING: There is at least one non-excluded one OpenFabrics device found,
but there are no active ports detected (or Open MPI was unable to use
them).  This is most certainly not what you wanted.  Check your
cables, subnet manager configuration, etc.  The openib BTL will be
ignored for this job.

  Local host: r1i3n14
--------------------------------------------------------------------------
[r1i3n14.npad.internal:2692165] 3 more processes have sent help message help-mpi-btl-openib.txt / no active ports found
[r1i3n14.npad.internal:2692165] Set MCA parameter "orte_base_help_aggregate" to 0 to see all help / error messages
Tempo de execução: 0.060904 segundos (M=4096, N=4096, P=4)
Executando: M=N=4096, P=8 ... --------------------------------------------------------------------------
WARNING: There is at least one non-excluded one OpenFabrics device found,
but there are no active ports detected (or Open MPI was unable to use
them).  This is most certainly not what you wanted.  Check your
cables, subnet manager configuration, etc.  The openib BTL will be
ignored for this job.

  Local host: r1i3n14
--------------------------------------------------------------------------
[r1i3n14.npad.internal:2692194] 7 more processes have sent help message help-mpi-btl-openib.txt / no active ports found
[r1i3n14.npad.internal:2692194] Set MCA parameter "orte_base_help_aggregate" to 0 to see all help / error messages
Tempo de execução: 0.067216 segundos (M=4096, N=4096, P=8)
Executando: M=N=4096, P=16 ... --------------------------------------------------------------------------
WARNING: There is at least one non-excluded one OpenFabrics device found,
but there are no active ports detected (or Open MPI was unable to use
them).  This is most certainly not what you wanted.  Check your
cables, subnet manager configuration, etc.  The openib BTL will be
ignored for this job.

  Local host: r1i3n14
--------------------------------------------------------------------------
[r1i3n14.npad.internal:2692243] 15 more processes have sent help message help-mpi-btl-openib.txt / no active ports found
[r1i3n14.npad.internal:2692243] Set MCA parameter "orte_base_help_aggregate" to 0 to see all help / error messages
Tempo de execução: 0.037610 segundos (M=4096, N=4096, P=16)
Executando: M=N=4096, P=32 ... --------------------------------------------------------------------------
WARNING: There was an error initializing an OpenFabrics device.

  Local host:   r1i3n14
  Local device: mlx4_0
--------------------------------------------------------------------------
[r1i3n14.npad.internal:2692332] 31 more processes have sent help message help-mpi-btl-openib.txt / error in device init
[r1i3n14.npad.internal:2692332] Set MCA parameter "orte_base_help_aggregate" to 0 to see all help / error messages
Tempo de execução: 0.050776 segundos (M=4096, N=4096, P=32)
